"pkg-config --exists sqlite3"
| pkg-config --libs sqlite3
=> "-lsqlite3\n"
"clang -o conftest -I/Users/suzukitakahiro/.rbenv/versions/2.6.8/include/ruby-2.6.0/arm64-darwin21 -I/Users/suzukitakahiro/.rbenv/versions/2.6.8/include/ruby-2.6.0/ruby/backward -I/Users/suzukitakahiro/.rbenv/versions/2.6.8/include/ruby-2.6.0 -I. -I/Users/suzukitakahiro/.rbenv/versions/2.6.8/include  -D_XOPEN_SOURCE -D_DARWIN_C_SOURCE -D_DARWIN_UNLIMITED_SELECT -D_REENTRANT   -O3 -ggdb3 -Wall -Wextra -Wdeclaration-after-statement -Wdeprecated-declarations -Wdivision-by-zero -Wimplicit-function-declaration -Wimplicit-int -Wmisleading-indentation -Wpointer-arith -Wshorten-64-to-32 -Wwrite-strings -Wmissing-noreturn -Wno-cast-function-type -Wno-constant-logical-operand -Wno-long-long -Wno-missing-field-initializers -Wno-overlength-strings -Wno-parentheses-equality -Wno-self-assign -Wno-tautological-compare -Wno-unused-parameter -Wno-unused-value -Wunused-variable -Wextra-tokens  -fno-common -pipe conftest.c  -L. -L/Users/suzukitakahiro/.rbenv/versions/2.6.8/lib -L. -L/Users/suzukitakahiro/.rbenv/versions/2.6.8/lib  -fstack-protector-strong -L/usr/local/lib     -lruby.2.6   "
ld: warning: ignoring file /Users/suzukitakahiro/.rbenv/versions/2.6.8/lib/libruby.2.6.dylib, building for macOS-x86_64 but attempting to link with file built for macOS-arm64
checked program was:
/* begin */
1: #include "ruby.h"
2: 
3: int main(int argc, char **argv)
4: {
5:   return 0;
6: }
/* end */

"clang -o conftest -I/Users/suzukitakahiro/.rbenv/versions/2.6.8/include/ruby-2.6.0/arm64-darwin21 -I/Users/suzukitakahiro/.rbenv/versions/2.6.8/include/ruby-2.6.0/ruby/backward -I/Users/suzukitakahiro/.rbenv/versions/2.6.8/include/ruby-2.6.0 -I. -I/Users/suzukitakahiro/.rbenv/versions/2.6.8/include  -D_XOPEN_SOURCE -D_DARWIN_C_SOURCE -D_DARWIN_UNLIMITED_SELECT -D_REENTRANT   -O3 -ggdb3 -Wall -Wextra -Wdeclaration-after-statement -Wdeprecated-declarations -Wdivision-by-zero -Wimplicit-function-declaration -Wimplicit-int -Wmisleading-indentation -Wpointer-arith -Wshorten-64-to-32 -Wwrite-strings -Wmissing-noreturn -Wno-cast-function-type -Wno-constant-logical-operand -Wno-long-long -Wno-missing-field-initializers -Wno-overlength-strings -Wno-parentheses-equality -Wno-self-assign -Wno-tautological-compare -Wno-unused-parameter -Wno-unused-value -Wunused-variable -Wextra-tokens  -fno-common -pipe conftest.c  -L. -L/Users/suzukitakahiro/.rbenv/versions/2.6.8/lib -L. -L/Users/suzukitakahiro/.rbenv/versions/2.6.8/lib  -fstack-protector-strong -L/usr/local/lib     -lruby.2.6 -lsqlite3  "
ld: warning: ignoring file /Users/suzukitakahiro/.rbenv/versions/2.6.8/lib/libruby.2.6.dylib, building for macOS-x86_64 but attempting to link with file built for macOS-arm64
checked program was:
/* begin */
1: #include "ruby.h"
2: 
3: int main(int argc, char **argv)
4: {
5:   return 0;
6: }
/* end */

| pkg-config --cflags-only-I sqlite3
=> "\n"
| pkg-config --cflags-only-other sqlite3
=> "\n"
| pkg-config --libs-only-l sqlite3
=> "-lsqlite3\n"
package configuration for sqlite3
cflags: 
ldflags: 
libs: -lsqlite3

find_header: checking for sqlite3.h... -------------------- yes

"clang -E -I/Users/suzukitakahiro/.rbenv/versions/2.6.8/include/ruby-2.6.0/arm64-darwin21 -I/Users/suzukitakahiro/.rbenv/versions/2.6.8/include/ruby-2.6.0/ruby/backward -I/Users/suzukitakahiro/.rbenv/versions/2.6.8/include/ruby-2.6.0 -I.  -I/opt/homebrew/opt/sqlite/include -I/Users/suzukitakahiro/.rbenv/versions/2.6.8/include  -D_XOPEN_SOURCE -D_DARWIN_C_SOURCE -D_DARWIN_UNLIMITED_SELECT -D_REENTRANT   -O3 -ggdb3 -Wall -Wextra -Wdeclaration-after-statement -Wdeprecated-declarations -Wdivision-by-zero -Wimplicit-function-declaration -Wimplicit-int -Wmisleading-indentation -Wpointer-arith -Wshorten-64-to-32 -Wwrite-strings -Wmissing-noreturn -Wno-cast-function-type -Wno-constant-logical-operand -Wno-long-long -Wno-missing-field-initializers -Wno-overlength-strings -Wno-parentheses-equality -Wno-self-assign -Wno-tautological-compare -Wno-unused-parameter -Wno-unused-value -Wunused-variable -Wextra-tokens  -fno-common -pipe  -DTAINTING_SUPPORT  conftest.c -o conftest.i"
checked program was:
/* begin */
1: #include "ruby.h"
2: 
3: #include <sqlite3.h>
/* end */

--------------------

find_library: checking for pthread_create() in -lpthread... -------------------- yes

"clang -o conftest -I/Users/suzukitakahiro/.rbenv/versions/2.6.8/include/ruby-2.6.0/arm64-darwin21 -I/Users/suzukitakahiro/.rbenv/versions/2.6.8/include/ruby-2.6.0/ruby/backward -I/Users/suzukitakahiro/.rbenv/versions/2.6.8/include/ruby-2.6.0 -I.  -I/opt/homebrew/opt/sqlite/include -I/Users/suzukitakahiro/.rbenv/versions/2.6.8/include  -D_XOPEN_SOURCE -D_DARWIN_C_SOURCE -D_DARWIN_UNLIMITED_SELECT -D_REENTRANT   -O3 -ggdb3 -Wall -Wextra -Wdeclaration-after-statement -Wdeprecated-declarations -Wdivision-by-zero -Wimplicit-function-declaration -Wimplicit-int -Wmisleading-indentation -Wpointer-arith -Wshorten-64-to-32 -Wwrite-strings -Wmissing-noreturn -Wno-cast-function-type -Wno-constant-logical-operand -Wno-long-long -Wno-missing-field-initializers -Wno-overlength-strings -Wno-parentheses-equality -Wno-self-assign -Wno-tautological-compare -Wno-unused-parameter -Wno-unused-value -Wunused-variable -Wextra-tokens  -fno-common -pipe  -DTAINTING_SUPPORT conftest.c  -L. -L/Users/suzukitakahiro/.rbenv/versions/2.6.8/lib -L/opt/homebrew/opt/sqlite/lib -L. -L/Users/suzukitakahiro/.rbenv/versions/2.6.8/lib  -fstack-protector-strong -L/usr/local/lib      -lsqlite3 -lruby.2.6 -lpthread  -lsqlite3  "
conftest.c:14:57: error: use of undeclared identifier 'pthread_create'
int t(void) { void ((*volatile p)()); p = (void ((*)()))pthread_create; return !p; }
                                                        ^
1 error generated.
checked program was:
/* begin */
 1: #include "ruby.h"
 2: 
 3: /*top*/
 4: extern int t(void);
 5: int main(int argc, char **argv)
 6: {
 7:   if (argc > 1000000) {
 8:     int (* volatile tp)(void)=(int (*)(void))&t;
 9:     printf("%d", (*tp)());
10:   }
11: 
12:   return 0;
13: }
14: int t(void) { void ((*volatile p)()); p = (void ((*)()))pthread_create; return !p; }
/* end */

"clang -o conftest -I/Users/suzukitakahiro/.rbenv/versions/2.6.8/include/ruby-2.6.0/arm64-darwin21 -I/Users/suzukitakahiro/.rbenv/versions/2.6.8/include/ruby-2.6.0/ruby/backward -I/Users/suzukitakahiro/.rbenv/versions/2.6.8/include/ruby-2.6.0 -I.  -I/opt/homebrew/opt/sqlite/include -I/Users/suzukitakahiro/.rbenv/versions/2.6.8/include  -D_XOPEN_SOURCE -D_DARWIN_C_SOURCE -D_DARWIN_UNLIMITED_SELECT -D_REENTRANT   -O3 -ggdb3 -Wall -Wextra -Wdeclaration-after-statement -Wdeprecated-declarations -Wdivision-by-zero -Wimplicit-function-declaration -Wimplicit-int -Wmisleading-indentation -Wpointer-arith -Wshorten-64-to-32 -Wwrite-strings -Wmissing-noreturn -Wno-cast-function-type -Wno-constant-logical-operand -Wno-long-long -Wno-missing-field-initializers -Wno-overlength-strings -Wno-parentheses-equality -Wno-self-assign -Wno-tautological-compare -Wno-unused-parameter -Wno-unused-value -Wunused-variable -Wextra-tokens  -fno-common -pipe  -DTAINTING_SUPPORT conftest.c  -L. -L/Users/suzukitakahiro/.rbenv/versions/2.6.8/lib -L/opt/homebrew/opt/sqlite/lib -L. -L/Users/suzukitakahiro/.rbenv/versions/2.6.8/lib  -fstack-protector-strong -L/usr/local/lib      -lsqlite3 -lruby.2.6 -lpthread  -lsqlite3  "
ld: warning: directory not found for option '-L/opt/homebrew/opt/sqlite/lib'
ld: warning: ignoring file /Users/suzukitakahiro/.rbenv/versions/2.6.8/lib/libruby.2.6.dylib, building for macOS-x86_64 but attempting to link with file built for macOS-arm64
checked program was:
/* begin */
 1: #include "ruby.h"
 2: 
 3: /*top*/
 4: extern int t(void);
 5: int main(int argc, char **argv)
 6: {
 7:   if (argc > 1000000) {
 8:     int (* volatile tp)(void)=(int (*)(void))&t;
 9:     printf("%d", (*tp)());
10:   }
11: 
12:   return 0;
13: }
14: extern void pthread_create();
15: int t(void) { pthread_create(); return 0; }
/* end */

--------------------

have_library: checking for -ldl... -------------------- yes

"clang -o conftest -I/Users/suzukitakahiro/.rbenv/versions/2.6.8/include/ruby-2.6.0/arm64-darwin21 -I/Users/suzukitakahiro/.rbenv/versions/2.6.8/include/ruby-2.6.0/ruby/backward -I/Users/suzukitakahiro/.rbenv/versions/2.6.8/include/ruby-2.6.0 -I.  -I/opt/homebrew/opt/sqlite/include -I/Users/suzukitakahiro/.rbenv/versions/2.6.8/include  -D_XOPEN_SOURCE -D_DARWIN_C_SOURCE -D_DARWIN_UNLIMITED_SELECT -D_REENTRANT   -O3 -ggdb3 -Wall -Wextra -Wdeclaration-after-statement -Wdeprecated-declarations -Wdivision-by-zero -Wimplicit-function-declaration -Wimplicit-int -Wmisleading-indentation -Wpointer-arith -Wshorten-64-to-32 -Wwrite-strings -Wmissing-noreturn -Wno-cast-function-type -Wno-constant-logical-operand -Wno-long-long -Wno-missing-field-initializers -Wno-overlength-strings -Wno-parentheses-equality -Wno-self-assign -Wno-tautological-compare -Wno-unused-parameter -Wno-unused-value -Wunused-variable -Wextra-tokens  -fno-common -pipe  -DTAINTING_SUPPORT conftest.c  -L. -L/Users/suzukitakahiro/.rbenv/versions/2.6.8/lib -L/opt/homebrew/opt/sqlite/lib -L. -L/Users/suzukitakahiro/.rbenv/versions/2.6.8/lib  -fstack-protector-strong -L/usr/local/lib     -lpthread  -lsqlite3 -lruby.2.6 -ldl -lpthread  -lsqlite3  "
ld: warning: directory not found for option '-L/opt/homebrew/opt/sqlite/lib'
ld: warning: ignoring file /Users/suzukitakahiro/.rbenv/versions/2.6.8/lib/libruby.2.6.dylib, building for macOS-x86_64 but attempting to link with file built for macOS-arm64
checked program was:
/* begin */
 1: #include "ruby.h"
 2: 
 3: /*top*/
 4: extern int t(void);
 5: int main(int argc, char **argv)
 6: {
 7:   if (argc > 1000000) {
 8:     int (* volatile tp)(void)=(int (*)(void))&t;
 9:     printf("%d", (*tp)());
10:   }
11: 
12:   return 0;
13: }
14: 
15: int t(void) { ; return 0; }
/* end */

--------------------

find_library: checking for sqlite3_libversion_number() in -lsqlite3... -------------------- yes

"clang -o conftest -I/Users/suzukitakahiro/.rbenv/versions/2.6.8/include/ruby-2.6.0/arm64-darwin21 -I/Users/suzukitakahiro/.rbenv/versions/2.6.8/include/ruby-2.6.0/ruby/backward -I/Users/suzukitakahiro/.rbenv/versions/2.6.8/include/ruby-2.6.0 -I.  -I/opt/homebrew/opt/sqlite/include -I/Users/suzukitakahiro/.rbenv/versions/2.6.8/include  -D_XOPEN_SOURCE -D_DARWIN_C_SOURCE -D_DARWIN_UNLIMITED_SELECT -D_REENTRANT   -O3 -ggdb3 -Wall -Wextra -Wdeclaration-after-statement -Wdeprecated-declarations -Wdivision-by-zero -Wimplicit-function-declaration -Wimplicit-int -Wmisleading-indentation -Wpointer-arith -Wshorten-64-to-32 -Wwrite-strings -Wmissing-noreturn -Wno-cast-function-type -Wno-constant-logical-operand -Wno-long-long -Wno-missing-field-initializers -Wno-overlength-strings -Wno-parentheses-equality -Wno-self-assign -Wno-tautological-compare -Wno-unused-parameter -Wno-unused-value -Wunused-variable -Wextra-tokens  -fno-common -pipe  -DTAINTING_SUPPORT conftest.c  -L. -L/Users/suzukitakahiro/.rbenv/versions/2.6.8/lib -L/opt/homebrew/opt/sqlite/lib -L. -L/Users/suzukitakahiro/.rbenv/versions/2.6.8/lib  -fstack-protector-strong -L/usr/local/lib     -ldl -lpthread  -lsqlite3 -lruby.2.6 -lsqlite3 -ldl -lpthread  -lsqlite3  "
conftest.c:14:57: error: use of undeclared identifier 'sqlite3_libversion_number'
int t(void) { void ((*volatile p)()); p = (void ((*)()))sqlite3_libversion_number; return !p; }
                                                        ^
1 error generated.
checked program was:
/* begin */
 1: #include "ruby.h"
 2: 
 3: /*top*/
 4: extern int t(void);
 5: int main(int argc, char **argv)
 6: {
 7:   if (argc > 1000000) {
 8:     int (* volatile tp)(void)=(int (*)(void))&t;
 9:     printf("%d", (*tp)());
10:   }
11: 
12:   return 0;
13: }
14: int t(void) { void ((*volatile p)()); p = (void ((*)()))sqlite3_libversion_number; return !p; }
/* end */

"clang -o conftest -I/Users/suzukitakahiro/.rbenv/versions/2.6.8/include/ruby-2.6.0/arm64-darwin21 -I/Users/suzukitakahiro/.rbenv/versions/2.6.8/include/ruby-2.6.0/ruby/backward -I/Users/suzukitakahiro/.rbenv/versions/2.6.8/include/ruby-2.6.0 -I.  -I/opt/homebrew/opt/sqlite/include -I/Users/suzukitakahiro/.rbenv/versions/2.6.8/include  -D_XOPEN_SOURCE -D_DARWIN_C_SOURCE -D_DARWIN_UNLIMITED_SELECT -D_REENTRANT   -O3 -ggdb3 -Wall -Wextra -Wdeclaration-after-statement -Wdeprecated-declarations -Wdivision-by-zero -Wimplicit-function-declaration -Wimplicit-int -Wmisleading-indentation -Wpointer-arith -Wshorten-64-to-32 -Wwrite-strings -Wmissing-noreturn -Wno-cast-function-type -Wno-constant-logical-operand -Wno-long-long -Wno-missing-field-initializers -Wno-overlength-strings -Wno-parentheses-equality -Wno-self-assign -Wno-tautological-compare -Wno-unused-parameter -Wno-unused-value -Wunused-variable -Wextra-tokens  -fno-common -pipe  -DTAINTING_SUPPORT conftest.c  -L. -L/Users/suzukitakahiro/.rbenv/versions/2.6.8/lib -L/opt/homebrew/opt/sqlite/lib -L. -L/Users/suzukitakahiro/.rbenv/versions/2.6.8/lib  -fstack-protector-strong -L/usr/local/lib     -ldl -lpthread  -lsqlite3 -lruby.2.6 -lsqlite3 -ldl -lpthread  -lsqlite3  "
ld: warning: directory not found for option '-L/opt/homebrew/opt/sqlite/lib'
ld: warning: ignoring file /Users/suzukitakahiro/.rbenv/versions/2.6.8/lib/libruby.2.6.dylib, building for macOS-x86_64 but attempting to link with file built for macOS-arm64
checked program was:
/* begin */
 1: #include "ruby.h"
 2: 
 3: /*top*/
 4: extern int t(void);
 5: int main(int argc, char **argv)
 6: {
 7:   if (argc > 1000000) {
 8:     int (* volatile tp)(void)=(int (*)(void))&t;
 9:     printf("%d", (*tp)());
10:   }
11: 
12:   return 0;
13: }
14: extern void sqlite3_libversion_number();
15: int t(void) { sqlite3_libversion_number(); return 0; }
/* end */

--------------------

have_func: checking for rb_proc_arity()... -------------------- no

"clang -o conftest -I/Users/suzukitakahiro/.rbenv/versions/2.6.8/include/ruby-2.6.0/arm64-darwin21 -I/Users/suzukitakahiro/.rbenv/versions/2.6.8/include/ruby-2.6.0/ruby/backward -I/Users/suzukitakahiro/.rbenv/versions/2.6.8/include/ruby-2.6.0 -I.  -I/opt/homebrew/opt/sqlite/include -I/Users/suzukitakahiro/.rbenv/versions/2.6.8/include  -D_XOPEN_SOURCE -D_DARWIN_C_SOURCE -D_DARWIN_UNLIMITED_SELECT -D_REENTRANT   -O3 -ggdb3 -Wall -Wextra -Wdeclaration-after-statement -Wdeprecated-declarations -Wdivision-by-zero -Wimplicit-function-declaration -Wimplicit-int -Wmisleading-indentation -Wpointer-arith -Wshorten-64-to-32 -Wwrite-strings -Wmissing-noreturn -Wno-cast-function-type -Wno-constant-logical-operand -Wno-long-long -Wno-missing-field-initializers -Wno-overlength-strings -Wno-parentheses-equality -Wno-self-assign -Wno-tautological-compare -Wno-unused-parameter -Wno-unused-value -Wunused-variable -Wextra-tokens  -fno-common -pipe  -DTAINTING_SUPPORT conftest.c  -L. -L/Users/suzukitakahiro/.rbenv/versions/2.6.8/lib -L/opt/homebrew/opt/sqlite/lib -L. -L/Users/suzukitakahiro/.rbenv/versions/2.6.8/lib  -fstack-protector-strong -L/usr/local/lib     -lsqlite3 -ldl -lpthread  -lsqlite3 -lruby.2.6 -lsqlite3 -ldl -lpthread  -lsqlite3  "
ld: warning: directory not found for option '-L/opt/homebrew/opt/sqlite/lib'
ld: warning: ignoring file /Users/suzukitakahiro/.rbenv/versions/2.6.8/lib/libruby.2.6.dylib, building for macOS-x86_64 but attempting to link with file built for macOS-arm64
Undefined symbols for architecture x86_64:
  "_rb_proc_arity", referenced from:
      _t in conftest-e4df41.o
ld: symbol(s) not found for architecture x86_64
clang: error: linker command failed with exit code 1 (use -v to see invocation)
checked program was:
/* begin */
 1: #include "ruby.h"
 2: 
 3: /*top*/
 4: extern int t(void);
 5: int main(int argc, char **argv)
 6: {
 7:   if (argc > 1000000) {
 8:     int (* volatile tp)(void)=(int (*)(void))&t;
 9:     printf("%d", (*tp)());
10:   }
11: 
12:   return 0;
13: }
14: int t(void) { void ((*volatile p)()); p = (void ((*)()))rb_proc_arity; return !p; }
/* end */

"clang -o conftest -I/Users/suzukitakahiro/.rbenv/versions/2.6.8/include/ruby-2.6.0/arm64-darwin21 -I/Users/suzukitakahiro/.rbenv/versions/2.6.8/include/ruby-2.6.0/ruby/backward -I/Users/suzukitakahiro/.rbenv/versions/2.6.8/include/ruby-2.6.0 -I.  -I/opt/homebrew/opt/sqlite/include -I/Users/suzukitakahiro/.rbenv/versions/2.6.8/include  -D_XOPEN_SOURCE -D_DARWIN_C_SOURCE -D_DARWIN_UNLIMITED_SELECT -D_REENTRANT   -O3 -ggdb3 -Wall -Wextra -Wdeclaration-after-statement -Wdeprecated-declarations -Wdivision-by-zero -Wimplicit-function-declaration -Wimplicit-int -Wmisleading-indentation -Wpointer-arith -Wshorten-64-to-32 -Wwrite-strings -Wmissing-noreturn -Wno-cast-function-type -Wno-constant-logical-operand -Wno-long-long -Wno-missing-field-initializers -Wno-overlength-strings -Wno-parentheses-equality -Wno-self-assign -Wno-tautological-compare -Wno-unused-parameter -Wno-unused-value -Wunused-variable -Wextra-tokens  -fno-common -pipe  -DTAINTING_SUPPORT conftest.c  -L. -L/Users/suzukitakahiro/.rbenv/versions/2.6.8/lib -L/opt/homebrew/opt/sqlite/lib -L. -L/Users/suzukitakahiro/.rbenv/versions/2.6.8/lib  -fstack-protector-strong -L/usr/local/lib     -lsqlite3 -ldl -lpthread  -lsqlite3 -lruby.2.6 -lsqlite3 -ldl -lpthread  -lsqlite3  "
conftest.c:14:13: error: conflicting types for 'rb_proc_arity'
extern void rb_proc_arity();
            ^
/Users/suzukitakahiro/.rbenv/versions/2.6.8/include/ruby-2.6.0/ruby/intern.h:452:5: note: previous declaration is here
int rb_proc_arity(VALUE);
    ^
conftest.c:15:29: error: too few arguments to function call, expected 1, have 0
int t(void) { rb_proc_arity(); return 0; }
              ~~~~~~~~~~~~~ ^
/Users/suzukitakahiro/.rbenv/versions/2.6.8/include/ruby-2.6.0/ruby/intern.h:452:5: note: 'rb_proc_arity' declared here
int rb_proc_arity(VALUE);
    ^
2 errors generated.
checked program was:
/* begin */
 1: #include "ruby.h"
 2: 
 3: /*top*/
 4: extern int t(void);
 5: int main(int argc, char **argv)
 6: {
 7:   if (argc > 1000000) {
 8:     int (* volatile tp)(void)=(int (*)(void))&t;
 9:     printf("%d", (*tp)());
10:   }
11: 
12:   return 0;
13: }
14: extern void rb_proc_arity();
15: int t(void) { rb_proc_arity(); return 0; }
/* end */

--------------------

have_func: checking for rb_integer_pack()... -------------------- no

"clang -o conftest -I/Users/suzukitakahiro/.rbenv/versions/2.6.8/include/ruby-2.6.0/arm64-darwin21 -I/Users/suzukitakahiro/.rbenv/versions/2.6.8/include/ruby-2.6.0/ruby/backward -I/Users/suzukitakahiro/.rbenv/versions/2.6.8/include/ruby-2.6.0 -I.  -I/opt/homebrew/opt/sqlite/include -I/Users/suzukitakahiro/.rbenv/versions/2.6.8/include  -D_XOPEN_SOURCE -D_DARWIN_C_SOURCE -D_DARWIN_UNLIMITED_SELECT -D_REENTRANT   -O3 -ggdb3 -Wall -Wextra -Wdeclaration-after-statement -Wdeprecated-declarations -Wdivision-by-zero -Wimplicit-function-declaration -Wimplicit-int -Wmisleading-indentation -Wpointer-arith -Wshorten-64-to-32 -Wwrite-strings -Wmissing-noreturn -Wno-cast-function-type -Wno-constant-logical-operand -Wno-long-long -Wno-missing-field-initializers -Wno-overlength-strings -Wno-parentheses-equality -Wno-self-assign -Wno-tautological-compare -Wno-unused-parameter -Wno-unused-value -Wunused-variable -Wextra-tokens  -fno-common -pipe  -DTAINTING_SUPPORT conftest.c  -L. -L/Users/suzukitakahiro/.rbenv/versions/2.6.8/lib -L/opt/homebrew/opt/sqlite/lib -L. -L/Users/suzukitakahiro/.rbenv/versions/2.6.8/lib  -fstack-protector-strong -L/usr/local/lib     -lsqlite3 -ldl -lpthread  -lsqlite3 -lruby.2.6 -lsqlite3 -ldl -lpthread  -lsqlite3  "
ld: warning: directory not found for option '-L/opt/homebrew/opt/sqlite/lib'
ld: warning: ignoring file /Users/suzukitakahiro/.rbenv/versions/2.6.8/lib/libruby.2.6.dylib, building for macOS-x86_64 but attempting to link with file built for macOS-arm64
Undefined symbols for architecture x86_64:
  "_rb_integer_pack", referenced from:
      _t in conftest-7d41b6.o
ld: symbol(s) not found for architecture x86_64
clang: error: linker command failed with exit code 1 (use -v to see invocation)
checked program was:
/* begin */
 1: #include "ruby.h"
 2: 
 3: /*top*/
 4: extern int t(void);
 5: int main(int argc, char **argv)
 6: {
 7:   if (argc > 1000000) {
 8:     int (* volatile tp)(void)=(int (*)(void))&t;
 9:     printf("%d", (*tp)());
10:   }
11: 
12:   return 0;
13: }
14: int t(void) { void ((*volatile p)()); p = (void ((*)()))rb_integer_pack; return !p; }
/* end */

"clang -o conftest -I/Users/suzukitakahiro/.rbenv/versions/2.6.8/include/ruby-2.6.0/arm64-darwin21 -I/Users/suzukitakahiro/.rbenv/versions/2.6.8/include/ruby-2.6.0/ruby/backward -I/Users/suzukitakahiro/.rbenv/versions/2.6.8/include/ruby-2.6.0 -I.  -I/opt/homebrew/opt/sqlite/include -I/Users/suzukitakahiro/.rbenv/versions/2.6.8/include  -D_XOPEN_SOURCE -D_DARWIN_C_SOURCE -D_DARWIN_UNLIMITED_SELECT -D_REENTRANT   -O3 -ggdb3 -Wall -Wextra -Wdeclaration-after-statement -Wdeprecated-declarations -Wdivision-by-zero -Wimplicit-function-declaration -Wimplicit-int -Wmisleading-indentation -Wpointer-arith -Wshorten-64-to-32 -Wwrite-strings -Wmissing-noreturn -Wno-cast-function-type -Wno-constant-logical-operand -Wno-long-long -Wno-missing-field-initializers -Wno-overlength-strings -Wno-parentheses-equality -Wno-self-assign -Wno-tautological-compare -Wno-unused-parameter -Wno-unused-value -Wunused-variable -Wextra-tokens  -fno-common -pipe  -DTAINTING_SUPPORT conftest.c  -L. -L/Users/suzukitakahiro/.rbenv/versions/2.6.8/lib -L/opt/homebrew/opt/sqlite/lib -L. -L/Users/suzukitakahiro/.rbenv/versions/2.6.8/lib  -fstack-protector-strong -L/usr/local/lib     -lsqlite3 -ldl -lpthread  -lsqlite3 -lruby.2.6 -lsqlite3 -ldl -lpthread  -lsqlite3  "
conftest.c:14:13: error: conflicting types for 'rb_integer_pack'
extern void rb_integer_pack();
            ^
/Users/suzukitakahiro/.rbenv/versions/2.6.8/include/ruby-2.6.0/ruby/intern.h:164:5: note: previous declaration is here
int rb_integer_pack(VALUE val, void *words, size_t numwords, size_t wordsize, size_t nails, int flags);
    ^
conftest.c:15:31: error: too few arguments to function call, expected 6, have 0
int t(void) { rb_integer_pack(); return 0; }
              ~~~~~~~~~~~~~~~ ^
/Users/suzukitakahiro/.rbenv/versions/2.6.8/include/ruby-2.6.0/ruby/intern.h:164:5: note: 'rb_integer_pack' declared here
int rb_integer_pack(VALUE val, void *words, size_t numwords, size_t wordsize, size_t nails, int flags);
    ^
2 errors generated.
checked program was:
/* begin */
 1: #include "ruby.h"
 2: 
 3: /*top*/
 4: extern int t(void);
 5: int main(int argc, char **argv)
 6: {
 7:   if (argc > 1000000) {
 8:     int (* volatile tp)(void)=(int (*)(void))&t;
 9:     printf("%d", (*tp)());
10:   }
11: 
12:   return 0;
13: }
14: extern void rb_integer_pack();
15: int t(void) { rb_integer_pack(); return 0; }
/* end */

--------------------

have_func: checking for sqlite3_initialize()... -------------------- yes

"clang -o conftest -I/Users/suzukitakahiro/.rbenv/versions/2.6.8/include/ruby-2.6.0/arm64-darwin21 -I/Users/suzukitakahiro/.rbenv/versions/2.6.8/include/ruby-2.6.0/ruby/backward -I/Users/suzukitakahiro/.rbenv/versions/2.6.8/include/ruby-2.6.0 -I.  -I/opt/homebrew/opt/sqlite/include -I/Users/suzukitakahiro/.rbenv/versions/2.6.8/include  -D_XOPEN_SOURCE -D_DARWIN_C_SOURCE -D_DARWIN_UNLIMITED_SELECT -D_REENTRANT   -O3 -ggdb3 -Wall -Wextra -Wdeclaration-after-statement -Wdeprecated-declarations -Wdivision-by-zero -Wimplicit-function-declaration -Wimplicit-int -Wmisleading-indentation -Wpointer-arith -Wshorten-64-to-32 -Wwrite-strings -Wmissing-noreturn -Wno-cast-function-type -Wno-constant-logical-operand -Wno-long-long -Wno-missing-field-initializers -Wno-overlength-strings -Wno-parentheses-equality -Wno-self-assign -Wno-tautological-compare -Wno-unused-parameter -Wno-unused-value -Wunused-variable -Wextra-tokens  -fno-common -pipe  -DTAINTING_SUPPORT conftest.c  -L. -L/Users/suzukitakahiro/.rbenv/versions/2.6.8/lib -L/opt/homebrew/opt/sqlite/lib -L. -L/Users/suzukitakahiro/.rbenv/versions/2.6.8/lib  -fstack-protector-strong -L/usr/local/lib     -lsqlite3 -ldl -lpthread  -lsqlite3 -lruby.2.6 -lsqlite3 -ldl -lpthread  -lsqlite3  "
conftest.c:14:57: error: use of undeclared identifier 'sqlite3_initialize'
int t(void) { void ((*volatile p)()); p = (void ((*)()))sqlite3_initialize; return !p; }
                                                        ^
1 error generated.
checked program was:
/* begin */
 1: #include "ruby.h"
 2: 
 3: /*top*/
 4: extern int t(void);
 5: int main(int argc, char **argv)
 6: {
 7:   if (argc > 1000000) {
 8:     int (* volatile tp)(void)=(int (*)(void))&t;
 9:     printf("%d", (*tp)());
10:   }
11: 
12:   return 0;
13: }
14: int t(void) { void ((*volatile p)()); p = (void ((*)()))sqlite3_initialize; return !p; }
/* end */

"clang -o conftest -I/Users/suzukitakahiro/.rbenv/versions/2.6.8/include/ruby-2.6.0/arm64-darwin21 -I/Users/suzukitakahiro/.rbenv/versions/2.6.8/include/ruby-2.6.0/ruby/backward -I/Users/suzukitakahiro/.rbenv/versions/2.6.8/include/ruby-2.6.0 -I.  -I/opt/homebrew/opt/sqlite/include -I/Users/suzukitakahiro/.rbenv/versions/2.6.8/include  -D_XOPEN_SOURCE -D_DARWIN_C_SOURCE -D_DARWIN_UNLIMITED_SELECT -D_REENTRANT   -O3 -ggdb3 -Wall -Wextra -Wdeclaration-after-statement -Wdeprecated-declarations -Wdivision-by-zero -Wimplicit-function-declaration -Wimplicit-int -Wmisleading-indentation -Wpointer-arith -Wshorten-64-to-32 -Wwrite-strings -Wmissing-noreturn -Wno-cast-function-type -Wno-constant-logical-operand -Wno-long-long -Wno-missing-field-initializers -Wno-overlength-strings -Wno-parentheses-equality -Wno-self-assign -Wno-tautological-compare -Wno-unused-parameter -Wno-unused-value -Wunused-variable -Wextra-tokens  -fno-common -pipe  -DTAINTING_SUPPORT conftest.c  -L. -L/Users/suzukitakahiro/.rbenv/versions/2.6.8/lib -L/opt/homebrew/opt/sqlite/lib -L. -L/Users/suzukitakahiro/.rbenv/versions/2.6.8/lib  -fstack-protector-strong -L/usr/local/lib     -lsqlite3 -ldl -lpthread  -lsqlite3 -lruby.2.6 -lsqlite3 -ldl -lpthread  -lsqlite3  "
ld: warning: directory not found for option '-L/opt/homebrew/opt/sqlite/lib'
ld: warning: ignoring file /Users/suzukitakahiro/.rbenv/versions/2.6.8/lib/libruby.2.6.dylib, building for macOS-x86_64 but attempting to link with file built for macOS-arm64
checked program was:
/* begin */
 1: #include "ruby.h"
 2: 
 3: /*top*/
 4: extern int t(void);
 5: int main(int argc, char **argv)
 6: {
 7:   if (argc > 1000000) {
 8:     int (* volatile tp)(void)=(int (*)(void))&t;
 9:     printf("%d", (*tp)());
10:   }
11: 
12:   return 0;
13: }
14: extern void sqlite3_initialize();
15: int t(void) { sqlite3_initialize(); return 0; }
/* end */

--------------------

have_func: checking for sqlite3_backup_init()... -------------------- yes

"clang -o conftest -I/Users/suzukitakahiro/.rbenv/versions/2.6.8/include/ruby-2.6.0/arm64-darwin21 -I/Users/suzukitakahiro/.rbenv/versions/2.6.8/include/ruby-2.6.0/ruby/backward -I/Users/suzukitakahiro/.rbenv/versions/2.6.8/include/ruby-2.6.0 -I.  -I/opt/homebrew/opt/sqlite/include -I/Users/suzukitakahiro/.rbenv/versions/2.6.8/include  -D_XOPEN_SOURCE -D_DARWIN_C_SOURCE -D_DARWIN_UNLIMITED_SELECT -D_REENTRANT   -O3 -ggdb3 -Wall -Wextra -Wdeclaration-after-statement -Wdeprecated-declarations -Wdivision-by-zero -Wimplicit-function-declaration -Wimplicit-int -Wmisleading-indentation -Wpointer-arith -Wshorten-64-to-32 -Wwrite-strings -Wmissing-noreturn -Wno-cast-function-type -Wno-constant-logical-operand -Wno-long-long -Wno-missing-field-initializers -Wno-overlength-strings -Wno-parentheses-equality -Wno-self-assign -Wno-tautological-compare -Wno-unused-parameter -Wno-unused-value -Wunused-variable -Wextra-tokens  -fno-common -pipe  -DTAINTING_SUPPORT conftest.c  -L. -L/Users/suzukitakahiro/.rbenv/versions/2.6.8/lib -L/opt/homebrew/opt/sqlite/lib -L. -L/Users/suzukitakahiro/.rbenv/versions/2.6.8/lib  -fstack-protector-strong -L/usr/local/lib     -lsqlite3 -ldl -lpthread  -lsqlite3 -lruby.2.6 -lsqlite3 -ldl -lpthread  -lsqlite3  "
conftest.c:14:57: error: use of undeclared identifier 'sqlite3_backup_init'
int t(void) { void ((*volatile p)()); p = (void ((*)()))sqlite3_backup_init; return !p; }
                                                        ^
1 error generated.
checked program was:
/* begin */
 1: #include "ruby.h"
 2: 
 3: /*top*/
 4: extern int t(void);
 5: int main(int argc, char **argv)
 6: {
 7:   if (argc > 1000000) {
 8:     int (* volatile tp)(void)=(int (*)(void))&t;
 9:     printf("%d", (*tp)());
10:   }
11: 
12:   return 0;
13: }
14: int t(void) { void ((*volatile p)()); p = (void ((*)()))sqlite3_backup_init; return !p; }
/* end */

"clang -o conftest -I/Users/suzukitakahiro/.rbenv/versions/2.6.8/include/ruby-2.6.0/arm64-darwin21 -I/Users/suzukitakahiro/.rbenv/versions/2.6.8/include/ruby-2.6.0/ruby/backward -I/Users/suzukitakahiro/.rbenv/versions/2.6.8/include/ruby-2.6.0 -I.  -I/opt/homebrew/opt/sqlite/include -I/Users/suzukitakahiro/.rbenv/versions/2.6.8/include  -D_XOPEN_SOURCE -D_DARWIN_C_SOURCE -D_DARWIN_UNLIMITED_SELECT -D_REENTRANT   -O3 -ggdb3 -Wall -Wextra -Wdeclaration-after-statement -Wdeprecated-declarations -Wdivision-by-zero -Wimplicit-function-declaration -Wimplicit-int -Wmisleading-indentation -Wpointer-arith -Wshorten-64-to-32 -Wwrite-strings -Wmissing-noreturn -Wno-cast-function-type -Wno-constant-logical-operand -Wno-long-long -Wno-missing-field-initializers -Wno-overlength-strings -Wno-parentheses-equality -Wno-self-assign -Wno-tautological-compare -Wno-unused-parameter -Wno-unused-value -Wunused-variable -Wextra-tokens  -fno-common -pipe  -DTAINTING_SUPPORT conftest.c  -L. -L/Users/suzukitakahiro/.rbenv/versions/2.6.8/lib -L/opt/homebrew/opt/sqlite/lib -L. -L/Users/suzukitakahiro/.rbenv/versions/2.6.8/lib  -fstack-protector-strong -L/usr/local/lib     -lsqlite3 -ldl -lpthread  -lsqlite3 -lruby.2.6 -lsqlite3 -ldl -lpthread  -lsqlite3  "
ld: warning: directory not found for option '-L/opt/homebrew/opt/sqlite/lib'
ld: warning: ignoring file /Users/suzukitakahiro/.rbenv/versions/2.6.8/lib/libruby.2.6.dylib, building for macOS-x86_64 but attempting to link with file built for macOS-arm64
checked program was:
/* begin */
 1: #include "ruby.h"
 2: 
 3: /*top*/
 4: extern int t(void);
 5: int main(int argc, char **argv)
 6: {
 7:   if (argc > 1000000) {
 8:     int (* volatile tp)(void)=(int (*)(void))&t;
 9:     printf("%d", (*tp)());
10:   }
11: 
12:   return 0;
13: }
14: extern void sqlite3_backup_init();
15: int t(void) { sqlite3_backup_init(); return 0; }
/* end */

--------------------

have_func: checking for sqlite3_column_database_name()... -------------------- yes

"clang -o conftest -I/Users/suzukitakahiro/.rbenv/versions/2.6.8/include/ruby-2.6.0/arm64-darwin21 -I/Users/suzukitakahiro/.rbenv/versions/2.6.8/include/ruby-2.6.0/ruby/backward -I/Users/suzukitakahiro/.rbenv/versions/2.6.8/include/ruby-2.6.0 -I.  -I/opt/homebrew/opt/sqlite/include -I/Users/suzukitakahiro/.rbenv/versions/2.6.8/include  -D_XOPEN_SOURCE -D_DARWIN_C_SOURCE -D_DARWIN_UNLIMITED_SELECT -D_REENTRANT   -O3 -ggdb3 -Wall -Wextra -Wdeclaration-after-statement -Wdeprecated-declarations -Wdivision-by-zero -Wimplicit-function-declaration -Wimplicit-int -Wmisleading-indentation -Wpointer-arith -Wshorten-64-to-32 -Wwrite-strings -Wmissing-noreturn -Wno-cast-function-type -Wno-constant-logical-operand -Wno-long-long -Wno-missing-field-initializers -Wno-overlength-strings -Wno-parentheses-equality -Wno-self-assign -Wno-tautological-compare -Wno-unused-parameter -Wno-unused-value -Wunused-variable -Wextra-tokens  -fno-common -pipe  -DTAINTING_SUPPORT conftest.c  -L. -L/Users/suzukitakahiro/.rbenv/versions/2.6.8/lib -L/opt/homebrew/opt/sqlite/lib -L. -L/Users/suzukitakahiro/.rbenv/versions/2.6.8/lib  -fstack-protector-strong -L/usr/local/lib     -lsqlite3 -ldl -lpthread  -lsqlite3 -lruby.2.6 -lsqlite3 -ldl -lpthread  -lsqlite3  "
conftest.c:14:57: error: use of undeclared identifier 'sqlite3_column_database_name'
int t(void) { void ((*volatile p)()); p = (void ((*)()))sqlite3_column_database_name; return !p; }
                                                        ^
1 error generated.
checked program was:
/* begin */
 1: #include "ruby.h"
 2: 
 3: /*top*/
 4: extern int t(void);
 5: int main(int argc, char **argv)
 6: {
 7:   if (argc > 1000000) {
 8:     int (* volatile tp)(void)=(int (*)(void))&t;
 9:     printf("%d", (*tp)());
10:   }
11: 
12:   return 0;
13: }
14: int t(void) { void ((*volatile p)()); p = (void ((*)()))sqlite3_column_database_name; return !p; }
/* end */

"clang -o conftest -I/Users/suzukitakahiro/.rbenv/versions/2.6.8/include/ruby-2.6.0/arm64-darwin21 -I/Users/suzukitakahiro/.rbenv/versions/2.6.8/include/ruby-2.6.0/ruby/backward -I/Users/suzukitakahiro/.rbenv/versions/2.6.8/include/ruby-2.6.0 -I.  -I/opt/homebrew/opt/sqlite/include -I/Users/suzukitakahiro/.rbenv/versions/2.6.8/include  -D_XOPEN_SOURCE -D_DARWIN_C_SOURCE -D_DARWIN_UNLIMITED_SELECT -D_REENTRANT   -O3 -ggdb3 -Wall -Wextra -Wdeclaration-after-statement -Wdeprecated-declarations -Wdivision-by-zero -Wimplicit-function-declaration -Wimplicit-int -Wmisleading-indentation -Wpointer-arith -Wshorten-64-to-32 -Wwrite-strings -Wmissing-noreturn -Wno-cast-function-type -Wno-constant-logical-operand -Wno-long-long -Wno-missing-field-initializers -Wno-overlength-strings -Wno-parentheses-equality -Wno-self-assign -Wno-tautological-compare -Wno-unused-parameter -Wno-unused-value -Wunused-variable -Wextra-tokens  -fno-common -pipe  -DTAINTING_SUPPORT conftest.c  -L. -L/Users/suzukitakahiro/.rbenv/versions/2.6.8/lib -L/opt/homebrew/opt/sqlite/lib -L. -L/Users/suzukitakahiro/.rbenv/versions/2.6.8/lib  -fstack-protector-strong -L/usr/local/lib     -lsqlite3 -ldl -lpthread  -lsqlite3 -lruby.2.6 -lsqlite3 -ldl -lpthread  -lsqlite3  "
ld: warning: directory not found for option '-L/opt/homebrew/opt/sqlite/lib'
ld: warning: ignoring file /Users/suzukitakahiro/.rbenv/versions/2.6.8/lib/libruby.2.6.dylib, building for macOS-x86_64 but attempting to link with file built for macOS-arm64
checked program was:
/* begin */
 1: #include "ruby.h"
 2: 
 3: /*top*/
 4: extern int t(void);
 5: int main(int argc, char **argv)
 6: {
 7:   if (argc > 1000000) {
 8:     int (* volatile tp)(void)=(int (*)(void))&t;
 9:     printf("%d", (*tp)());
10:   }
11: 
12:   return 0;
13: }
14: extern void sqlite3_column_database_name();
15: int t(void) { sqlite3_column_database_name(); return 0; }
/* end */

--------------------

have_func: checking for sqlite3_enable_load_extension()... -------------------- no

"clang -o conftest -I/Users/suzukitakahiro/.rbenv/versions/2.6.8/include/ruby-2.6.0/arm64-darwin21 -I/Users/suzukitakahiro/.rbenv/versions/2.6.8/include/ruby-2.6.0/ruby/backward -I/Users/suzukitakahiro/.rbenv/versions/2.6.8/include/ruby-2.6.0 -I.  -I/opt/homebrew/opt/sqlite/include -I/Users/suzukitakahiro/.rbenv/versions/2.6.8/include  -D_XOPEN_SOURCE -D_DARWIN_C_SOURCE -D_DARWIN_UNLIMITED_SELECT -D_REENTRANT   -O3 -ggdb3 -Wall -Wextra -Wdeclaration-after-statement -Wdeprecated-declarations -Wdivision-by-zero -Wimplicit-function-declaration -Wimplicit-int -Wmisleading-indentation -Wpointer-arith -Wshorten-64-to-32 -Wwrite-strings -Wmissing-noreturn -Wno-cast-function-type -Wno-constant-logical-operand -Wno-long-long -Wno-missing-field-initializers -Wno-overlength-strings -Wno-parentheses-equality -Wno-self-assign -Wno-tautological-compare -Wno-unused-parameter -Wno-unused-value -Wunused-variable -Wextra-tokens  -fno-common -pipe  -DTAINTING_SUPPORT conftest.c  -L. -L/Users/suzukitakahiro/.rbenv/versions/2.6.8/lib -L/opt/homebrew/opt/sqlite/lib -L. -L/Users/suzukitakahiro/.rbenv/versions/2.6.8/lib  -fstack-protector-strong -L/usr/local/lib     -lsqlite3 -ldl -lpthread  -lsqlite3 -lruby.2.6 -lsqlite3 -ldl -lpthread  -lsqlite3  "
conftest.c:14:57: error: use of undeclared identifier 'sqlite3_enable_load_extension'
int t(void) { void ((*volatile p)()); p = (void ((*)()))sqlite3_enable_load_extension; return !p; }
                                                        ^
1 error generated.
checked program was:
/* begin */
 1: #include "ruby.h"
 2: 
 3: /*top*/
 4: extern int t(void);
 5: int main(int argc, char **argv)
 6: {
 7:   if (argc > 1000000) {
 8:     int (* volatile tp)(void)=(int (*)(void))&t;
 9:     printf("%d", (*tp)());
10:   }
11: 
12:   return 0;
13: }
14: int t(void) { void ((*volatile p)()); p = (void ((*)()))sqlite3_enable_load_extension; return !p; }
/* end */

"clang -o conftest -I/Users/suzukitakahiro/.rbenv/versions/2.6.8/include/ruby-2.6.0/arm64-darwin21 -I/Users/suzukitakahiro/.rbenv/versions/2.6.8/include/ruby-2.6.0/ruby/backward -I/Users/suzukitakahiro/.rbenv/versions/2.6.8/include/ruby-2.6.0 -I.  -I/opt/homebrew/opt/sqlite/include -I/Users/suzukitakahiro/.rbenv/versions/2.6.8/include  -D_XOPEN_SOURCE -D_DARWIN_C_SOURCE -D_DARWIN_UNLIMITED_SELECT -D_REENTRANT   -O3 -ggdb3 -Wall -Wextra -Wdeclaration-after-statement -Wdeprecated-declarations -Wdivision-by-zero -Wimplicit-function-declaration -Wimplicit-int -Wmisleading-indentation -Wpointer-arith -Wshorten-64-to-32 -Wwrite-strings -Wmissing-noreturn -Wno-cast-function-type -Wno-constant-logical-operand -Wno-long-long -Wno-missing-field-initializers -Wno-overlength-strings -Wno-parentheses-equality -Wno-self-assign -Wno-tautological-compare -Wno-unused-parameter -Wno-unused-value -Wunused-variable -Wextra-tokens  -fno-common -pipe  -DTAINTING_SUPPORT conftest.c  -L. -L/Users/suzukitakahiro/.rbenv/versions/2.6.8/lib -L/opt/homebrew/opt/sqlite/lib -L. -L/Users/suzukitakahiro/.rbenv/versions/2.6.8/lib  -fstack-protector-strong -L/usr/local/lib     -lsqlite3 -ldl -lpthread  -lsqlite3 -lruby.2.6 -lsqlite3 -ldl -lpthread  -lsqlite3  "
ld: warning: directory not found for option '-L/opt/homebrew/opt/sqlite/lib'
ld: warning: ignoring file /Users/suzukitakahiro/.rbenv/versions/2.6.8/lib/libruby.2.6.dylib, building for macOS-x86_64 but attempting to link with file built for macOS-arm64
Undefined symbols for architecture x86_64:
  "_sqlite3_enable_load_extension", referenced from:
      _t in conftest-6a1ee6.o
ld: symbol(s) not found for architecture x86_64
clang: error: linker command failed with exit code 1 (use -v to see invocation)
checked program was:
/* begin */
 1: #include "ruby.h"
 2: 
 3: /*top*/
 4: extern int t(void);
 5: int main(int argc, char **argv)
 6: {
 7:   if (argc > 1000000) {
 8:     int (* volatile tp)(void)=(int (*)(void))&t;
 9:     printf("%d", (*tp)());
10:   }
11: 
12:   return 0;
13: }
14: extern void sqlite3_enable_load_extension();
15: int t(void) { sqlite3_enable_load_extension(); return 0; }
/* end */

--------------------

have_func: checking for sqlite3_load_extension()... -------------------- no

"clang -o conftest -I/Users/suzukitakahiro/.rbenv/versions/2.6.8/include/ruby-2.6.0/arm64-darwin21 -I/Users/suzukitakahiro/.rbenv/versions/2.6.8/include/ruby-2.6.0/ruby/backward -I/Users/suzukitakahiro/.rbenv/versions/2.6.8/include/ruby-2.6.0 -I.  -I/opt/homebrew/opt/sqlite/include -I/Users/suzukitakahiro/.rbenv/versions/2.6.8/include  -D_XOPEN_SOURCE -D_DARWIN_C_SOURCE -D_DARWIN_UNLIMITED_SELECT -D_REENTRANT   -O3 -ggdb3 -Wall -Wextra -Wdeclaration-after-statement -Wdeprecated-declarations -Wdivision-by-zero -Wimplicit-function-declaration -Wimplicit-int -Wmisleading-indentation -Wpointer-arith -Wshorten-64-to-32 -Wwrite-strings -Wmissing-noreturn -Wno-cast-function-type -Wno-constant-logical-operand -Wno-long-long -Wno-missing-field-initializers -Wno-overlength-strings -Wno-parentheses-equality -Wno-self-assign -Wno-tautological-compare -Wno-unused-parameter -Wno-unused-value -Wunused-variable -Wextra-tokens  -fno-common -pipe  -DTAINTING_SUPPORT conftest.c  -L. -L/Users/suzukitakahiro/.rbenv/versions/2.6.8/lib -L/opt/homebrew/opt/sqlite/lib -L. -L/Users/suzukitakahiro/.rbenv/versions/2.6.8/lib  -fstack-protector-strong -L/usr/local/lib     -lsqlite3 -ldl -lpthread  -lsqlite3 -lruby.2.6 -lsqlite3 -ldl -lpthread  -lsqlite3  "
conftest.c:14:57: error: use of undeclared identifier 'sqlite3_load_extension'
int t(void) { void ((*volatile p)()); p = (void ((*)()))sqlite3_load_extension; return !p; }
                                                        ^
1 error generated.
checked program was:
/* begin */
 1: #include "ruby.h"
 2: 
 3: /*top*/
 4: extern int t(void);
 5: int main(int argc, char **argv)
 6: {
 7:   if (argc > 1000000) {
 8:     int (* volatile tp)(void)=(int (*)(void))&t;
 9:     printf("%d", (*tp)());
10:   }
11: 
12:   return 0;
13: }
14: int t(void) { void ((*volatile p)()); p = (void ((*)()))sqlite3_load_extension; return !p; }
/* end */

"clang -o conftest -I/Users/suzukitakahiro/.rbenv/versions/2.6.8/include/ruby-2.6.0/arm64-darwin21 -I/Users/suzukitakahiro/.rbenv/versions/2.6.8/include/ruby-2.6.0/ruby/backward -I/Users/suzukitakahiro/.rbenv/versions/2.6.8/include/ruby-2.6.0 -I.  -I/opt/homebrew/opt/sqlite/include -I/Users/suzukitakahiro/.rbenv/versions/2.6.8/include  -D_XOPEN_SOURCE -D_DARWIN_C_SOURCE -D_DARWIN_UNLIMITED_SELECT -D_REENTRANT   -O3 -ggdb3 -Wall -Wextra -Wdeclaration-after-statement -Wdeprecated-declarations -Wdivision-by-zero -Wimplicit-function-declaration -Wimplicit-int -Wmisleading-indentation -Wpointer-arith -Wshorten-64-to-32 -Wwrite-strings -Wmissing-noreturn -Wno-cast-function-type -Wno-constant-logical-operand -Wno-long-long -Wno-missing-field-initializers -Wno-overlength-strings -Wno-parentheses-equality -Wno-self-assign -Wno-tautological-compare -Wno-unused-parameter -Wno-unused-value -Wunused-variable -Wextra-tokens  -fno-common -pipe  -DTAINTING_SUPPORT conftest.c  -L. -L/Users/suzukitakahiro/.rbenv/versions/2.6.8/lib -L/opt/homebrew/opt/sqlite/lib -L. -L/Users/suzukitakahiro/.rbenv/versions/2.6.8/lib  -fstack-protector-strong -L/usr/local/lib     -lsqlite3 -ldl -lpthread  -lsqlite3 -lruby.2.6 -lsqlite3 -ldl -lpthread  -lsqlite3  "
ld: warning: directory not found for option '-L/opt/homebrew/opt/sqlite/lib'
ld: warning: ignoring file /Users/suzukitakahiro/.rbenv/versions/2.6.8/lib/libruby.2.6.dylib, building for macOS-x86_64 but attempting to link with file built for macOS-arm64
Undefined symbols for architecture x86_64:
  "_sqlite3_load_extension", referenced from:
      _t in conftest-09896b.o
ld: symbol(s) not found for architecture x86_64
clang: error: linker command failed with exit code 1 (use -v to see invocation)
checked program was:
/* begin */
 1: #include "ruby.h"
 2: 
 3: /*top*/
 4: extern int t(void);
 5: int main(int argc, char **argv)
 6: {
 7:   if (argc > 1000000) {
 8:     int (* volatile tp)(void)=(int (*)(void))&t;
 9:     printf("%d", (*tp)());
10:   }
11: 
12:   return 0;
13: }
14: extern void sqlite3_load_extension();
15: int t(void) { sqlite3_load_extension(); return 0; }
/* end */

--------------------

have_func: checking for sqlite3_open_v2()... -------------------- yes

"clang -o conftest -I/Users/suzukitakahiro/.rbenv/versions/2.6.8/include/ruby-2.6.0/arm64-darwin21 -I/Users/suzukitakahiro/.rbenv/versions/2.6.8/include/ruby-2.6.0/ruby/backward -I/Users/suzukitakahiro/.rbenv/versions/2.6.8/include/ruby-2.6.0 -I.  -I/opt/homebrew/opt/sqlite/include -I/Users/suzukitakahiro/.rbenv/versions/2.6.8/include  -D_XOPEN_SOURCE -D_DARWIN_C_SOURCE -D_DARWIN_UNLIMITED_SELECT -D_REENTRANT   -O3 -ggdb3 -Wall -Wextra -Wdeclaration-after-statement -Wdeprecated-declarations -Wdivision-by-zero -Wimplicit-function-declaration -Wimplicit-int -Wmisleading-indentation -Wpointer-arith -Wshorten-64-to-32 -Wwrite-strings -Wmissing-noreturn -Wno-cast-function-type -Wno-constant-logical-operand -Wno-long-long -Wno-missing-field-initializers -Wno-overlength-strings -Wno-parentheses-equality -Wno-self-assign -Wno-tautological-compare -Wno-unused-parameter -Wno-unused-value -Wunused-variable -Wextra-tokens  -fno-common -pipe  -DTAINTING_SUPPORT conftest.c  -L. -L/Users/suzukitakahiro/.rbenv/versions/2.6.8/lib -L/opt/homebrew/opt/sqlite/lib -L. -L/Users/suzukitakahiro/.rbenv/versions/2.6.8/lib  -fstack-protector-strong -L/usr/local/lib     -lsqlite3 -ldl -lpthread  -lsqlite3 -lruby.2.6 -lsqlite3 -ldl -lpthread  -lsqlite3  "
conftest.c:14:57: error: use of undeclared identifier 'sqlite3_open_v2'
int t(void) { void ((*volatile p)()); p = (void ((*)()))sqlite3_open_v2; return !p; }
                                                        ^
1 error generated.
checked program was:
/* begin */
 1: #include "ruby.h"
 2: 
 3: /*top*/
 4: extern int t(void);
 5: int main(int argc, char **argv)
 6: {
 7:   if (argc > 1000000) {
 8:     int (* volatile tp)(void)=(int (*)(void))&t;
 9:     printf("%d", (*tp)());
10:   }
11: 
12:   return 0;
13: }
14: int t(void) { void ((*volatile p)()); p = (void ((*)()))sqlite3_open_v2; return !p; }
/* end */

"clang -o conftest -I/Users/suzukitakahiro/.rbenv/versions/2.6.8/include/ruby-2.6.0/arm64-darwin21 -I/Users/suzukitakahiro/.rbenv/versions/2.6.8/include/ruby-2.6.0/ruby/backward -I/Users/suzukitakahiro/.rbenv/versions/2.6.8/include/ruby-2.6.0 -I.  -I/opt/homebrew/opt/sqlite/include -I/Users/suzukitakahiro/.rbenv/versions/2.6.8/include  -D_XOPEN_SOURCE -D_DARWIN_C_SOURCE -D_DARWIN_UNLIMITED_SELECT -D_REENTRANT   -O3 -ggdb3 -Wall -Wextra -Wdeclaration-after-statement -Wdeprecated-declarations -Wdivision-by-zero -Wimplicit-function-declaration -Wimplicit-int -Wmisleading-indentation -Wpointer-arith -Wshorten-64-to-32 -Wwrite-strings -Wmissing-noreturn -Wno-cast-function-type -Wno-constant-logical-operand -Wno-long-long -Wno-missing-field-initializers -Wno-overlength-strings -Wno-parentheses-equality -Wno-self-assign -Wno-tautological-compare -Wno-unused-parameter -Wno-unused-value -Wunused-variable -Wextra-tokens  -fno-common -pipe  -DTAINTING_SUPPORT conftest.c  -L. -L/Users/suzukitakahiro/.rbenv/versions/2.6.8/lib -L/opt/homebrew/opt/sqlite/lib -L. -L/Users/suzukitakahiro/.rbenv/versions/2.6.8/lib  -fstack-protector-strong -L/usr/local/lib     -lsqlite3 -ldl -lpthread  -lsqlite3 -lruby.2.6 -lsqlite3 -ldl -lpthread  -lsqlite3  "
ld: warning: directory not found for option '-L/opt/homebrew/opt/sqlite/lib'
ld: warning: ignoring file /Users/suzukitakahiro/.rbenv/versions/2.6.8/lib/libruby.2.6.dylib, building for macOS-x86_64 but attempting to link with file built for macOS-arm64
checked program was:
/* begin */
 1: #include "ruby.h"
 2: 
 3: /*top*/
 4: extern int t(void);
 5: int main(int argc, char **argv)
 6: {
 7:   if (argc > 1000000) {
 8:     int (* volatile tp)(void)=(int (*)(void))&t;
 9:     printf("%d", (*tp)());
10:   }
11: 
12:   return 0;
13: }
14: extern void sqlite3_open_v2();
15: int t(void) { sqlite3_open_v2(); return 0; }
/* end */

--------------------

have_func: checking for sqlite3_prepare_v2()... -------------------- yes

"clang -o conftest -I/Users/suzukitakahiro/.rbenv/versions/2.6.8/include/ruby-2.6.0/arm64-darwin21 -I/Users/suzukitakahiro/.rbenv/versions/2.6.8/include/ruby-2.6.0/ruby/backward -I/Users/suzukitakahiro/.rbenv/versions/2.6.8/include/ruby-2.6.0 -I.  -I/opt/homebrew/opt/sqlite/include -I/Users/suzukitakahiro/.rbenv/versions/2.6.8/include  -D_XOPEN_SOURCE -D_DARWIN_C_SOURCE -D_DARWIN_UNLIMITED_SELECT -D_REENTRANT   -O3 -ggdb3 -Wall -Wextra -Wdeclaration-after-statement -Wdeprecated-declarations -Wdivision-by-zero -Wimplicit-function-declaration -Wimplicit-int -Wmisleading-indentation -Wpointer-arith -Wshorten-64-to-32 -Wwrite-strings -Wmissing-noreturn -Wno-cast-function-type -Wno-constant-logical-operand -Wno-long-long -Wno-missing-field-initializers -Wno-overlength-strings -Wno-parentheses-equality -Wno-self-assign -Wno-tautological-compare -Wno-unused-parameter -Wno-unused-value -Wunused-variable -Wextra-tokens  -fno-common -pipe  -DTAINTING_SUPPORT conftest.c  -L. -L/Users/suzukitakahiro/.rbenv/versions/2.6.8/lib -L/opt/homebrew/opt/sqlite/lib -L. -L/Users/suzukitakahiro/.rbenv/versions/2.6.8/lib  -fstack-protector-strong -L/usr/local/lib     -lsqlite3 -ldl -lpthread  -lsqlite3 -lruby.2.6 -lsqlite3 -ldl -lpthread  -lsqlite3  "
conftest.c:14:57: error: use of undeclared identifier 'sqlite3_prepare_v2'
int t(void) { void ((*volatile p)()); p = (void ((*)()))sqlite3_prepare_v2; return !p; }
                                                        ^
1 error generated.
checked program was:
/* begin */
 1: #include "ruby.h"
 2: 
 3: /*top*/
 4: extern int t(void);
 5: int main(int argc, char **argv)
 6: {
 7:   if (argc > 1000000) {
 8:     int (* volatile tp)(void)=(int (*)(void))&t;
 9:     printf("%d", (*tp)());
10:   }
11: 
12:   return 0;
13: }
14: int t(void) { void ((*volatile p)()); p = (void ((*)()))sqlite3_prepare_v2; return !p; }
/* end */

"clang -o conftest -I/Users/suzukitakahiro/.rbenv/versions/2.6.8/include/ruby-2.6.0/arm64-darwin21 -I/Users/suzukitakahiro/.rbenv/versions/2.6.8/include/ruby-2.6.0/ruby/backward -I/Users/suzukitakahiro/.rbenv/versions/2.6.8/include/ruby-2.6.0 -I.  -I/opt/homebrew/opt/sqlite/include -I/Users/suzukitakahiro/.rbenv/versions/2.6.8/include  -D_XOPEN_SOURCE -D_DARWIN_C_SOURCE -D_DARWIN_UNLIMITED_SELECT -D_REENTRANT   -O3 -ggdb3 -Wall -Wextra -Wdeclaration-after-statement -Wdeprecated-declarations -Wdivision-by-zero -Wimplicit-function-declaration -Wimplicit-int -Wmisleading-indentation -Wpointer-arith -Wshorten-64-to-32 -Wwrite-strings -Wmissing-noreturn -Wno-cast-function-type -Wno-constant-logical-operand -Wno-long-long -Wno-missing-field-initializers -Wno-overlength-strings -Wno-parentheses-equality -Wno-self-assign -Wno-tautological-compare -Wno-unused-parameter -Wno-unused-value -Wunused-variable -Wextra-tokens  -fno-common -pipe  -DTAINTING_SUPPORT conftest.c  -L. -L/Users/suzukitakahiro/.rbenv/versions/2.6.8/lib -L/opt/homebrew/opt/sqlite/lib -L. -L/Users/suzukitakahiro/.rbenv/versions/2.6.8/lib  -fstack-protector-strong -L/usr/local/lib     -lsqlite3 -ldl -lpthread  -lsqlite3 -lruby.2.6 -lsqlite3 -ldl -lpthread  -lsqlite3  "
ld: warning: directory not found for option '-L/opt/homebrew/opt/sqlite/lib'
ld: warning: ignoring file /Users/suzukitakahiro/.rbenv/versions/2.6.8/lib/libruby.2.6.dylib, building for macOS-x86_64 but attempting to link with file built for macOS-arm64
checked program was:
/* begin */
 1: #include "ruby.h"
 2: 
 3: /*top*/
 4: extern int t(void);
 5: int main(int argc, char **argv)
 6: {
 7:   if (argc > 1000000) {
 8:     int (* volatile tp)(void)=(int (*)(void))&t;
 9:     printf("%d", (*tp)());
10:   }
11: 
12:   return 0;
13: }
14: extern void sqlite3_prepare_v2();
15: int t(void) { sqlite3_prepare_v2(); return 0; }
/* end */

--------------------

have_type: checking for sqlite3_int64 in sqlite3.h... -------------------- yes

"clang -I/Users/suzukitakahiro/.rbenv/versions/2.6.8/include/ruby-2.6.0/arm64-darwin21 -I/Users/suzukitakahiro/.rbenv/versions/2.6.8/include/ruby-2.6.0/ruby/backward -I/Users/suzukitakahiro/.rbenv/versions/2.6.8/include/ruby-2.6.0 -I.  -I/opt/homebrew/opt/sqlite/include -I/Users/suzukitakahiro/.rbenv/versions/2.6.8/include  -D_XOPEN_SOURCE -D_DARWIN_C_SOURCE -D_DARWIN_UNLIMITED_SELECT -D_REENTRANT   -O3 -ggdb3 -Wall -Wextra -Wdeclaration-after-statement -Wdeprecated-declarations -Wdivision-by-zero -Wimplicit-function-declaration -Wimplicit-int -Wmisleading-indentation -Wpointer-arith -Wshorten-64-to-32 -Wwrite-strings -Wmissing-noreturn -Wno-cast-function-type -Wno-constant-logical-operand -Wno-long-long -Wno-missing-field-initializers -Wno-overlength-strings -Wno-parentheses-equality -Wno-self-assign -Wno-tautological-compare -Wno-unused-parameter -Wno-unused-value -Wunused-variable -Wextra-tokens  -fno-common -pipe  -DTAINTING_SUPPORT   -c conftest.c"
checked program was:
/* begin */
1: #include "ruby.h"
2: 
3: #include <sqlite3.h>
4: 
5: /*top*/
6: typedef sqlite3_int64 conftest_type;
7: int conftestval[sizeof(conftest_type)?1:-1];
/* end */

--------------------

have_type: checking for sqlite3_uint64 in sqlite3.h... -------------------- yes

"clang -I/Users/suzukitakahiro/.rbenv/versions/2.6.8/include/ruby-2.6.0/arm64-darwin21 -I/Users/suzukitakahiro/.rbenv/versions/2.6.8/include/ruby-2.6.0/ruby/backward -I/Users/suzukitakahiro/.rbenv/versions/2.6.8/include/ruby-2.6.0 -I.  -I/opt/homebrew/opt/sqlite/include -I/Users/suzukitakahiro/.rbenv/versions/2.6.8/include  -D_XOPEN_SOURCE -D_DARWIN_C_SOURCE -D_DARWIN_UNLIMITED_SELECT -D_REENTRANT   -O3 -ggdb3 -Wall -Wextra -Wdeclaration-after-statement -Wdeprecated-declarations -Wdivision-by-zero -Wimplicit-function-declaration -Wimplicit-int -Wmisleading-indentation -Wpointer-arith -Wshorten-64-to-32 -Wwrite-strings -Wmissing-noreturn -Wno-cast-function-type -Wno-constant-logical-operand -Wno-long-long -Wno-missing-field-initializers -Wno-overlength-strings -Wno-parentheses-equality -Wno-self-assign -Wno-tautological-compare -Wno-unused-parameter -Wno-unused-value -Wunused-variable -Wextra-tokens  -fno-common -pipe  -DTAINTING_SUPPORT   -c conftest.c"
checked program was:
/* begin */
1: #include "ruby.h"
2: 
3: #include <sqlite3.h>
4: 
5: /*top*/
6: typedef sqlite3_uint64 conftest_type;
7: int conftestval[sizeof(conftest_type)?1:-1];
/* end */

--------------------

